# JRE version: OpenJDK Runtime Environment (15.0.2+7) (build 15.0.2+7-27)
# Java VM: OpenJDK 64-Bit Server VM (15.0.2+7-27, mixed mode, tiered, compressed oops, g1 gc, windows-amd64)
GC Precious Log:
 CPUs: 8 total, 8 available
 Memory: 7910M
 Large Page Support: Disabled
 NUMA Support: Disabled
 Compressed Oops: Enabled (32-bit)
 Heap Region Size: 1M
 Heap Min Capacity: 8M
 Heap Initial Capacity: 124M
 Heap Max Capacity: 1978M
 Pre-touch: Disabled
 Parallel Workers: 8
 Concurrent Workers: 2
 Concurrent Refinement Workers: 8
 Periodic GC: Disabled
Heap:
 garbage-first heap   total 34816K, used 22734K [0x0000000084600000, 0x0000000100000000)
  region size 1024K, 8 young (8192K), 2 survivors (2048K)
 Metaspace       used 50933K, capacity 51419K, committed 51532K, reserved 1095680K
  class space    used 5421K, capacity 5612K, committed 5708K, reserved 1048576K
GC Heap History (20 events):
Event: 7.049 GC heap before
{Heap before GC invocations=17 (full 0):
 garbage-first heap   total 30720K, used 23825K [0x0000000084600000, 0x0000000100000000)
  region size 1024K, 11 young (11264K), 2 survivors (2048K)
 Metaspace       used 38895K, capacity 39328K, committed 39628K, reserved 1085440K
  class space    used 4303K, capacity 4464K, committed 4556K, reserved 1048576K
}
Event: 7.052 GC heap after
{Heap after GC invocations=18 (full 0):
 garbage-first heap   total 30720K, used 15411K [0x0000000084600000, 0x0000000100000000)
  region size 1024K, 2 young (2048K), 2 survivors (2048K)
 Metaspace       used 38895K, capacity 39328K, committed 39628K, reserved 1085440K
  class space    used 4303K, capacity 4464K, committed 4556K, reserved 1048576K
}
Event: 7.228 GC heap before
{Heap before GC invocations=18 (full 0):
 garbage-first heap   total 30720K, used 22579K [0x0000000084600000, 0x0000000100000000)
  region size 1024K, 10 young (10240K), 2 survivors (2048K)
 Metaspace       used 39676K, capacity 40134K, committed 40268K, reserved 1085440K
  class space    used 4408K, capacity 4562K, committed 4684K, reserved 1048576K
}
Event: 7.231 GC heap after
{Heap after GC invocations=19 (full 0):
 garbage-first heap   total 30720K, used 16071K [0x0000000084600000, 0x0000000100000000)
  region size 1024K, 2 young (2048K), 2 survivors (2048K)
 Metaspace       used 39676K, capacity 40134K, committed 40268K, reserved 1085440K
  class space    used 4408K, capacity 4562K, committed 4684K, reserved 1048576K
}
Event: 7.493 GC heap before
{Heap before GC invocations=20 (full 0):
 garbage-first heap   total 32768K, used 23239K [0x0000000084600000, 0x0000000100000000)
  region size 1024K, 9 young (9216K), 2 survivors (2048K)
 Metaspace       used 40543K, capacity 40977K, committed 41036K, reserved 1085440K
  class space    used 4513K, capacity 4671K, committed 4684K, reserved 1048576K
}
Event: 7.497 GC heap after
{Heap after GC invocations=21 (full 0):
 garbage-first heap   total 32768K, used 16646K [0x0000000084600000, 0x0000000100000000)
  region size 1024K, 2 young (2048K), 2 survivors (2048K)
 Metaspace       used 40543K, capacity 40977K, committed 41036K, reserved 1085440K
  class space    used 4513K, capacity 4671K, committed 4684K, reserved 1048576K
}
Event: 7.879 GC heap before
{Heap before GC invocations=21 (full 0):
 garbage-first heap   total 32768K, used 24838K [0x0000000084600000, 0x0000000100000000)
  region size 1024K, 10 young (10240K), 2 survivors (2048K)
 Metaspace       used 41730K, capacity 42203K, committed 42316K, reserved 1087488K
  class space    used 4657K, capacity 4845K, committed 4940K, reserved 1048576K
}
Event: 7.883 GC heap after
{Heap after GC invocations=22 (full 0):
 garbage-first heap   total 32768K, used 17290K [0x0000000084600000, 0x0000000100000000)
  region size 1024K, 2 young (2048K), 2 survivors (2048K)
 Metaspace       used 41730K, capacity 42203K, committed 42316K, reserved 1087488K
  class space    used 4657K, capacity 4845K, committed 4940K, reserved 1048576K
}
Event: 37.484 GC heap before
{Heap before GC invocations=23 (full 0):
 garbage-first heap   total 34816K, used 24458K [0x0000000084600000, 0x0000000100000000)
  region size 1024K, 9 young (9216K), 2 survivors (2048K)
 Metaspace       used 42749K, capacity 43267K, committed 43468K, reserved 1087488K
  class space    used 4765K, capacity 4969K, committed 5068K, reserved 1048576K
}
Event: 37.486 GC heap after
{Heap after GC invocations=24 (full 0):
 garbage-first heap   total 34816K, used 17629K [0x0000000084600000, 0x0000000100000000)
  region size 1024K, 2 young (2048K), 2 survivors (2048K)
 Metaspace       used 42749K, capacity 43267K, committed 43468K, reserved 1087488K
  class space    used 4765K, capacity 4969K, committed 5068K, reserved 1048576K
}
Event: 37.530 GC heap before
{Heap before GC invocations=24 (full 0):
 garbage-first heap   total 34816K, used 18653K [0x0000000084600000, 0x0000000100000000)
  region size 1024K, 3 young (3072K), 2 survivors (2048K)
 Metaspace       used 42891K, capacity 43334K, committed 43468K, reserved 1087488K
  class space    used 4784K, capacity 4970K, committed 5068K, reserved 1048576K
}
Event: 37.534 GC heap after
{Heap after GC invocations=25 (full 0):
 garbage-first heap   total 34816K, used 16890K [0x0000000084600000, 0x0000000100000000)
  region size 1024K, 1 young (1024K), 1 survivors (1024K)
 Metaspace       used 42891K, capacity 43334K, committed 43468K, reserved 1087488K
  class space    used 4784K, capacity 4970K, committed 5068K, reserved 1048576K
}
Event: 37.834 GC heap before
{Heap before GC invocations=25 (full 0):
 garbage-first heap   total 34816K, used 27130K [0x0000000084600000, 0x0000000100000000)
  region size 1024K, 11 young (11264K), 1 survivors (1024K)
 Metaspace       used 44690K, capacity 45165K, committed 45388K, reserved 1089536K
  class space    used 4951K, capacity 5130K, committed 5196K, reserved 1048576K
}
Event: 37.836 GC heap after
{Heap after GC invocations=26 (full 0):
 garbage-first heap   total 34816K, used 17301K [0x0000000084600000, 0x0000000100000000)
  region size 1024K, 1 young (1024K), 1 survivors (1024K)
 Metaspace       used 44690K, capacity 45165K, committed 45388K, reserved 1089536K
  class space    used 4951K, capacity 5130K, committed 5196K, reserved 1048576K
}
Event: 38.034 GC heap before
{Heap before GC invocations=27 (full 0):
 garbage-first heap   total 34816K, used 26517K [0x0000000084600000, 0x0000000100000000)
  region size 1024K, 11 young (11264K), 1 survivors (1024K)
 Metaspace       used 47031K, capacity 47469K, committed 47564K, reserved 1091584K
  class space    used 5092K, capacity 5258K, committed 5324K, reserved 1048576K
}
Event: 38.035 GC heap after
{Heap after GC invocations=28 (full 0):
 garbage-first heap   total 34816K, used 17666K [0x0000000084600000, 0x0000000100000000)
  region size 1024K, 2 young (2048K), 2 survivors (2048K)
 Metaspace       used 47031K, capacity 47469K, committed 47564K, reserved 1091584K
  class space    used 5092K, capacity 5258K, committed 5324K, reserved 1048576K
}
Event: 38.196 GC heap before
{Heap before GC invocations=28 (full 0):
 garbage-first heap   total 34816K, used 27906K [0x0000000084600000, 0x0000000100000000)
  region size 1024K, 12 young (12288K), 2 survivors (2048K)
 Metaspace       used 48903K, capacity 49325K, committed 49612K, reserved 1093632K
  class space    used 5265K, capacity 5450K, committed 5580K, reserved 1048576K
}
Event: 38.198 GC heap after
{Heap after GC invocations=29 (full 0):
 garbage-first heap   total 34816K, used 18091K [0x0000000084600000, 0x0000000100000000)
  region size 1024K, 2 young (2048K), 2 survivors (2048K)
 Metaspace       used 48903K, capacity 49325K, committed 49612K, reserved 1093632K
  class space    used 5265K, capacity 5450K, committed 5580K, reserved 1048576K
}
Event: 38.585 GC heap before
{Heap before GC invocations=30 (full 0):
 garbage-first heap   total 34816K, used 26283K [0x0000000084600000, 0x0000000100000000)
  region size 1024K, 11 young (11264K), 2 survivors (2048K)
 Metaspace       used 50145K, capacity 50637K, committed 50892K, reserved 1095680K
  class space    used 5359K, capacity 5546K, committed 5580K, reserved 1048576K
}
Event: 38.589 GC heap after
{Heap after GC invocations=31 (full 0):
 garbage-first heap   total 34816K, used 18638K [0x0000000084600000, 0x0000000100000000)
  region size 1024K, 2 young (2048K), 2 survivors (2048K)
 Metaspace       used 50145K, capacity 50637K, committed 50892K, reserved 1095680K
  class space    used 5359K, capacity 5546K, committed 5580K, reserved 1048576K
}

